This is pdfTeX, Version 3.141592653-2.6-1.40.28 (MiKTeX 25.12) (preloaded format=pdflatex 2026.5.13)  7 JUN 2026 17:25
entering extended mode
 restricted \write18 enabled.
 %&-line parsing enabled.
**./main.tex
(main.tex
LaTeX2e <2025-11-01>
L3 programming layer <2025-12-24>
(C:\Users\oline\AppData\Local\Programs\MiKTeX\tex/latex/base\article.cls
Document Class: article 2025/01/22 v1.4n Standard LaTeX document class
(C:\Users\oline\AppData\Local\Programs\MiKTeX\tex/latex/base\size11.clo
File: size11.clo 2025/01/22 v1.4n Standard LaTeX file (size option)
)
\c@part=\count275
\c@section=\count276
\c@subsection=\count277
\c@subsubsection=\count278
\c@paragraph=\count279
\c@subparagraph=\count280
\c@figure=\count281
\c@table=\count282
\abovecaptionskip=\skip49
\belowcaptionskip=\skip50
\bibindent=\dimen148
)
(C:\Users\oline\AppData\Local\Programs\MiKTeX\tex/latex/base\inputenc.sty
Package: inputenc 2024/02/08 v1.3d Input encoding file
\inpenc@prehook=\toks17
\inpenc@posthook=\toks18
)
(C:\Users\oline\AppData\Local\Programs\MiKTeX\tex/latex/base\fontenc.sty
Package: fontenc 2025/07/18 v2.1d Standard LaTeX package
)
(C:\Users\oline\AppData\Local\Programs\MiKTeX\tex/latex/lm\lmodern.sty
Package: lmodern 2015/05/01 v1.6.1 Latin Modern Fonts
LaTeX Font Info:    Overwriting symbol font `operators' in version `normal'
(Font)                  OT1/cmr/m/n --> OT1/lmr/m/n on input line 22.
LaTeX Font Info:    Overwriting symbol font `letters' in version `normal'
(Font)                  OML/cmm/m/it --> OML/lmm/m/it on input line 23.
LaTeX Font Info:    Overwriting symbol font `symbols' in version `normal'
(Font)                  OMS/cmsy/m/n --> OMS/lmsy/m/n on input line 24.
LaTeX Font Info:    Overwriting symbol font `largesymbols' in version `normal'
(Font)                  OMX/cmex/m/n --> OMX/lmex/m/n on input line 25.
LaTeX Font Info:    Overwriting symbol font `operators' in version `bold'
(Font)                  OT1/cmr/bx/n --> OT1/lmr/bx/n on input line 26.
LaTeX Font Info:    Overwriting symbol font `letters' in version `bold'
(Font)                  OML/cmm/b/it --> OML/lmm/b/it on input line 27.
LaTeX Font Info:    Overwriting symbol font `symbols' in version `bold'
(Font)                  OMS/cmsy/b/n --> OMS/lmsy/b/n on input line 28.
LaTeX Font Info:    Overwriting symbol font `largesymbols' in version `bold'
(Font)                  OMX/cmex/m/n --> OMX/lmex/m/n on input line 29.
LaTeX Font Info:    Overwriting math alphabet `\mathbf' in version `normal'
(Font)                  OT1/cmr/bx/n --> OT1/lmr/bx/n on input line 31.
LaTeX Font Info:    Overwriting math alphabet `\mathsf' in version `normal'
(Font)                  OT1/cmss/m/n --> OT1/lmss/m/n on input line 32.
LaTeX Font Info:    Overwriting math alphabet `\mathit' in version `normal'
(Font)                  OT1/cmr/m/it --> OT1/lmr/m/it on input line 33.
LaTeX Font Info:    Overwriting math alphabet `\mathtt' in version `normal'
(Font)                  OT1/cmtt/m/n --> OT1/lmtt/m/n on input line 34.
LaTeX Font Info:    Overwriting math alphabet `\mathbf' in version `bold'
(Font)                  OT1/cmr/bx/n --> OT1/lmr/bx/n on input line 35.
LaTeX Font Info:    Overwriting math alphabet `\mathsf' in version `bold'
(Font)                  OT1/cmss/bx/n --> OT1/lmss/bx/n on input line 36.
LaTeX Font Info:    Overwriting math alphabet `\mathit' in version `bold'
(Font)                  OT1/cmr/bx/it --> OT1/lmr/bx/it on input line 37.
LaTeX Font Info:    Overwriting math alphabet `\mathtt' in version `bold'
(Font)                  OT1/cmtt/m/n --> OT1/lmtt/m/n on input line 38.
)
(C:\Users\oline\AppData\Local\Programs\MiKTeX\tex/latex/graphics\graphicx.sty
Package: graphicx 2024/12/31 v1.2e Enhanced LaTeX Graphics (DPC,SPQR)

(C:\Users\oline\AppData\Local\Programs\MiKTeX\tex/latex/graphics\keyval.sty
Package: keyval 2022/05/29 v1.15 key=value parser (DPC)
\KV@toks@=\toks19
)
(C:\Users\oline\AppData\Local\Programs\MiKTeX\tex/latex/graphics\graphics.sty
Package: graphics 2024/08/06 v1.4g Standard LaTeX Graphics (DPC,SPQR)

(C:\Users\oline\AppData\Local\Programs\MiKTeX\tex/latex/graphics\trig.sty
Package: trig 2023/12/02 v1.11 sin cos tan (DPC)
)
(C:\Users\oline\AppData\Local\Programs\MiKTeX\tex/latex/graphics-cfg\graphics.c
fg
File: graphics.cfg 2016/06/04 v1.11 sample graphics configuration
)
Package graphics Info: Driver file: pdftex.def on input line 106.

(C:\Users\oline\AppData\Local\Programs\MiKTeX\tex/latex/graphics-def\pdftex.def
File: pdftex.def 2025/09/29 v1.2d Graphics/color driver for pdftex
))
\Gin@req@height=\dimen149
\Gin@req@width=\dimen150
)
(C:\Users\oline\AppData\Local\Programs\MiKTeX\tex/latex/hyperref\hyperref.sty
Package: hyperref 2025-07-12 v7.01o Hypertext links for LaTeX

(C:\Users\oline\AppData\Local\Programs\MiKTeX\tex/generic/iftex\iftex.sty
Package: iftex 2024/12/12 v1.0g TeX engine tests
)
(C:\Users\oline\AppData\Local\Programs\MiKTeX\tex/latex/kvsetkeys\kvsetkeys.sty
Package: kvsetkeys 2022-10-05 v1.19 Key value parser (HO)
)
(C:\Users\oline\AppData\Local\Programs\MiKTeX\tex/generic/kvdefinekeys\kvdefine
keys.sty
Package: kvdefinekeys 2019-12-19 v1.6 Define keys (HO)
)
(C:\Users\oline\AppData\Local\Programs\MiKTeX\tex/generic/pdfescape\pdfescape.s
ty
Package: pdfescape 2019/12/09 v1.15 Implements pdfTeX's escape features (HO)

(C:\Users\oline\AppData\Local\Programs\MiKTeX\tex/generic/ltxcmds\ltxcmds.sty
Package: ltxcmds 2023-12-04 v1.26 LaTeX kernel commands for general use (HO)
)
(C:\Users\oline\AppData\Local\Programs\MiKTeX\tex/generic/pdftexcmds\pdftexcmds
.sty
Package: pdftexcmds 2020-06-27 v0.33 Utility functions of pdfTeX for LuaTeX (HO
)

(C:\Users\oline\AppData\Local\Programs\MiKTeX\tex/generic/infwarerr\infwarerr.s
ty
Package: infwarerr 2019/12/03 v1.5 Providing info/warning/error messages (HO)
)
Package pdftexcmds Info: \pdf@primitive is available.
Package pdftexcmds Info: \pdf@ifprimitive is available.
Package pdftexcmds Info: \pdfdraftmode found.
))
(C:\Users\oline\AppData\Local\Programs\MiKTeX\tex/latex/hycolor\hycolor.sty
Package: hycolor 2020-01-27 v1.10 Color options for hyperref/bookmark (HO)
)
(C:\Users\oline\AppData\Local\Programs\MiKTeX\tex/latex/hyperref\nameref.sty
Package: nameref 2025-06-21 v2.57 Cross-referencing by name of section

(C:\Users\oline\AppData\Local\Programs\MiKTeX\tex/latex/refcount\refcount.sty
Package: refcount 2019/12/15 v3.6 Data extraction from label references (HO)
)
(C:\Users\oline\AppData\Local\Programs\MiKTeX\tex/generic/gettitlestring\gettit
lestring.sty
Package: gettitlestring 2019/12/15 v1.6 Cleanup title references (HO)

(C:\Users\oline\AppData\Local\Programs\MiKTeX\tex/latex/kvoptions\kvoptions.sty
Package: kvoptions 2022-06-15 v3.15 Key value format for package options (HO)
))
\c@section@level=\count283
)
(C:\Users\oline\AppData\Local\Programs\MiKTeX\tex/latex/etoolbox\etoolbox.sty
Package: etoolbox 2025/10/02 v2.5m e-TeX tools for LaTeX (JAW)
\etb@tempcnta=\count284
)
(C:\Users\oline\AppData\Local\Programs\MiKTeX\tex/generic/stringenc\stringenc.s
ty
Package: stringenc 2019/11/29 v1.12 Convert strings between diff. encodings (HO
)
)
\@linkdim=\dimen151
\Hy@linkcounter=\count285
\Hy@pagecounter=\count286
 (C:\Users\oline\AppData\Local\Programs\MiKTeX\tex/latex/hyperref\pd1enc.def
File: pd1enc.def 2025-07-12 v7.01o Hyperref: PDFDocEncoding definition (HO)
Now handling font encoding PD1 ...
... no UTF-8 mapping file for font encoding PD1
) (C:\Users\oline\AppData\Local\Programs\MiKTeX\tex/generic/intcalc\intcalc.sty
Package: intcalc 2019/12/15 v1.3 Expandable calculations with integers (HO)
)
\Hy@SavedSpaceFactor=\count287
 (C:\Users\oline\AppData\Local\Programs\MiKTeX\tex/latex/hyperref\puenc.def
File: puenc.def 2025-07-12 v7.01o Hyperref: PDF Unicode definition (HO)
Now handling font encoding PU ...
... no UTF-8 mapping file for font encoding PU
)
Package hyperref Info: Hyper figures OFF on input line 4195.
Package hyperref Info: Link nesting OFF on input line 4200.
Package hyperref Info: Hyper index ON on input line 4203.
Package hyperref Info: Plain pages OFF on input line 4210.
Package hyperref Info: Backreferencing OFF on input line 4215.
Package hyperref Info: Implicit mode ON; LaTeX internals redefined.
Package hyperref Info: Bookmarks ON on input line 4462.
\c@Hy@tempcnt=\count288

(C:\Users\oline\AppData\Local\Programs\MiKTeX\tex/latex/url\url.sty
\Urlmuskip=\muskip17
Package: url 2013/09/16  ver 3.4  Verb mode for urls, etc.
)
LaTeX Info: Redefining \url on input line 4801.
\XeTeXLinkMargin=\dimen152

(C:\Users\oline\AppData\Local\Programs\MiKTeX\tex/generic/bitset\bitset.sty
Package: bitset 2019/12/09 v1.3 Handle bit-vector datatype (HO)

(C:\Users\oline\AppData\Local\Programs\MiKTeX\tex/generic/bigintcalc\bigintcalc
.sty
Package: bigintcalc 2019/12/15 v1.5 Expandable calculations on big integers (HO
)
))
\Fld@menulength=\count289
\Field@Width=\dimen153
\Fld@charsize=\dimen154
Package hyperref Info: Hyper figures OFF on input line 6078.
Package hyperref Info: Link nesting OFF on input line 6083.
Package hyperref Info: Hyper index ON on input line 6086.
Package hyperref Info: backreferencing OFF on input line 6093.
Package hyperref Info: Link coloring OFF on input line 6098.
Package hyperref Info: Link coloring with OCG OFF on input line 6103.
Package hyperref Info: PDF/A mode OFF on input line 6108.
\Hy@abspage=\count290
\c@Item=\count291
\c@Hfootnote=\count292
)
Package hyperref Info: Driver (autodetected): hpdftex.

(C:\Users\oline\AppData\Local\Programs\MiKTeX\tex/latex/hyperref\hpdftex.def
File: hpdftex.def 2025-07-12 v7.01o Hyperref driver for pdfTeX
\Fld@listcount=\count293
\c@bookmark@seq@number=\count294

(C:\Users\oline\AppData\Local\Programs\MiKTeX\tex/latex/rerunfilecheck\rerunfil
echeck.sty
Package: rerunfilecheck 2025-06-21 v1.11 Rerun checks for auxiliary files (HO)

(C:\Users\oline\AppData\Local\Programs\MiKTeX\tex/generic/uniquecounter\uniquec
ounter.sty
Package: uniquecounter 2019/12/15 v1.4 Provide unlimited unique counter (HO)
)
Package uniquecounter Info: New unique counter `rerunfilecheck' on input line 2
84.
)
\Hy@SectionHShift=\skip51
)
(C:\Users\oline\AppData\Local\Programs\MiKTeX\tex/latex/picture\picture.sty
Package: picture 2026-03-07 v2 Dimens for picture macros (HO)
)
(C:\Users\oline\AppData\Local\Programs\MiKTeX\tex/latex/float\float.sty
Package: float 2001/11/08 v1.3d Float enhancements (AL)
\c@float@type=\count295
\float@exts=\toks20
\float@box=\box53
\@float@everytoks=\toks21
\@floatcapt=\box54
)
(C:\Users\oline\AppData\Local\Programs\MiKTeX\tex/latex/microtype\microtype.sty
Package: microtype 2026/03/01 v3.2d Micro-typographical refinements (RS)
\MT@toks=\toks22
\MT@tempbox=\box55
\MT@count=\count296
LaTeX Info: Redefining \noprotrusionifhmode on input line 1084.
LaTeX Info: Redefining \leftprotrusion on input line 1085.
\MT@prot@toks=\toks23
LaTeX Info: Redefining \rightprotrusion on input line 1104.
LaTeX Info: Redefining \textls on input line 1449.
\MT@outer@kern=\dimen155
LaTeX Info: Redefining \microtypecontext on input line 2053.
LaTeX Info: Redefining \textmicrotypecontext on input line 2070.
\MT@listname@count=\count297

(C:\Users\oline\AppData\Local\Programs\MiKTeX\tex/latex/microtype\microtype-pdf
tex.def
File: microtype-pdftex.def 2026/03/01 v3.2d Definitions specific to pdftex (RS)

LaTeX Info: Redefining \lsstyle on input line 944.
LaTeX Info: Redefining \lslig on input line 944.
\MT@outer@space=\skip52
)
Package microtype Info: Loading configuration file microtype.cfg.

(C:\Users\oline\AppData\Local\Programs\MiKTeX\tex/latex/microtype\microtype.cfg
File: microtype.cfg 2026/03/01 v3.2d microtype main configuration file (RS)
)
LaTeX Info: Redefining \microtypesetup on input line 3065.
)
(C:\Users\oline\AppData\Local\Programs\MiKTeX\tex/latex/geometry\geometry.sty
Package: geometry 2026/03/07 v6.0 Page Geometry

(C:\Users\oline\AppData\Local\Programs\MiKTeX\tex/generic/iftex\ifvtex.sty
Package: ifvtex 2019/10/25 v1.7 ifvtex legacy package. Use iftex instead.
)
\Gm@cnth=\count298
\Gm@cntv=\count299
\c@Gm@tempcnt=\count300
\Gm@bindingoffset=\dimen156
\Gm@wd@mp=\dimen157
\Gm@odd@mp=\dimen158
\Gm@even@mp=\dimen159
\Gm@layoutwidth=\dimen160
\Gm@layoutheight=\dimen161
\Gm@layouthoffset=\dimen162
\Gm@layoutvoffset=\dimen163
\Gm@dimlist=\toks24

(C:\Users\oline\AppData\Local\Programs\MiKTeX\tex/latex/geometry\geometry.cfg))
(C:\Users\oline\AppData\Local\Programs\MiKTeX\tex/generic/babel\babel.sty
Package: babel 2025/12/11 v25.17 The multilingual framework for LuaLaTeX, pdfLa
TeX and XeLaTeX
\babel@savecnt=\count301
LaTeX Encoding Info:    Redeclaring text command \ij (encoding OT1) on input li
ne 2068.
LaTeX Encoding Info:    Redeclaring text command \IJ (encoding OT1) on input li
ne 2070.
LaTeX Encoding Info:    Redeclaring text command \ij (encoding T1) on input lin
e 2072.
LaTeX Encoding Info:    Redeclaring text command \IJ (encoding T1) on input lin
e 2073.
LaTeX Encoding Info:    Ignoring declaration for text command \ij (encoding ?) 
on input line 2074.
LaTeX Encoding Info:    Ignoring declaration for text command \IJ (encoding ?) 
on input line 2076.
LaTeX Encoding Info:    Ignoring declaration for text command \SS (encoding ?) 
on input line 2101.
\U@D=\dimen164
\l@unhyphenated=\language79

(C:\Users\oline\AppData\Local\Programs\MiKTeX\tex/generic/babel\txtbabel.def)
\bbl@readstream=\read2
\bbl@dirlevel=\count302
Package babel Info: Configuration files are deprecated, as
(babel)             they can break document portability.
(babel)             Reported on input line 4196.

*************************************
* Local config file bblopts.cfg used
*
(C:\Users\oline\AppData\Local\Programs\MiKTeX\tex/latex/arabi\bblopts.cfg
File: bblopts.cfg 2005/09/08 v0.1 add Arabic and Farsi to "declared" options of
 babel
)
(C:\Users\oline\AppData\Local\Programs\MiKTeX\tex/generic/babel/locale/sk\babel
-slovak.tex)
Package babel Info: Importing font and identification data for slovak
(babel)             from babel-sk.ini. Reported on input line 4320.

(C:\Users\oline\AppData\Local\Programs\MiKTeX\tex/latex/babel-slovak\slovak.ldf
Language: slovak 2008/07/06 v3.1a Slovak support from the babel system
Package babel Info: Making ^ an active character on input line 123.
Package babel Info: Making " an active character on input line 126.
Package babel Info: Making ' an active character on input line 129.
\cs@wordlen=\count303
Package babel Info: Making - an active character on input line 294.
)) (C:\Users\oline\AppData\Local\Programs\MiKTeX\tex/latex/parskip\parskip.sty
Package: parskip 2021-03-14 v2.0h non-zero parskip adjustments
)
LaTeX Font Info:    Trying to load font information for T1+lmr on input line 15
.
(C:\Users\oline\AppData\Local\Programs\MiKTeX\tex/latex/lm\t1lmr.fd
File: t1lmr.fd 2015/05/01 v1.6.1 Font defs for Latin Modern
)
(C:\Users\oline\AppData\Local\Programs\MiKTeX\tex/latex/l3backend\l3backend-pdf
tex.def
File: l3backend-pdftex.def 2025-10-09 L3 backend support: PDF output (pdfTeX)
\l__color_backend_stack_int=\count304
) (main.aux
Package babel Info: 'slovak' activates 'slovak' shorthands.
(babel)             Reported on input line 11.
)
\openout1 = `main.aux'.

LaTeX Font Info:    Checking defaults for OML/cmm/m/it on input line 15.
LaTeX Font Info:    ... okay on input line 15.
LaTeX Font Info:    Checking defaults for OMS/cmsy/m/n on input line 15.
LaTeX Font Info:    ... okay on input line 15.
LaTeX Font Info:    Checking defaults for OT1/cmr/m/n on input line 15.
LaTeX Font Info:    ... okay on input line 15.
LaTeX Font Info:    Checking defaults for T1/cmr/m/n on input line 15.
LaTeX Font Info:    ... okay on input line 15.
LaTeX Font Info:    Checking defaults for TS1/cmr/m/n on input line 15.
LaTeX Font Info:    ... okay on input line 15.
LaTeX Font Info:    Checking defaults for OMX/cmex/m/n on input line 15.
LaTeX Font Info:    ... okay on input line 15.
LaTeX Font Info:    Checking defaults for U/cmr/m/n on input line 15.
LaTeX Font Info:    ... okay on input line 15.
LaTeX Font Info:    Checking defaults for PD1/pdf/m/n on input line 15.
LaTeX Font Info:    ... okay on input line 15.
LaTeX Font Info:    Checking defaults for PU/pdf/m/n on input line 15.
LaTeX Font Info:    ... okay on input line 15.

(C:\Users\oline\AppData\Local\Programs\MiKTeX\tex/context/base/mkii\supp-pdf.mk
ii
[Loading MPS to PDF converter (version 2006.09.02).]
\scratchcounter=\count305
\scratchdimen=\dimen165
\scratchbox=\box56
\nofMPsegments=\count306
\nofMParguments=\count307
\everyMPshowfont=\toks25
\MPscratchCnt=\count308
\MPscratchDim=\dimen166
\MPnumerator=\count309
\makeMPintoPDFobject=\count310
\everyMPtoPDFconversion=\toks26
)
(C:\Users\oline\AppData\Local\Programs\MiKTeX\tex/latex/epstopdf-pkg\epstopdf-b
ase.sty
Package: epstopdf-base 2020-01-24 v2.11 Base part for package epstopdf

(C:\Users\oline\AppData\Local\Programs\MiKTeX\tex/latex/grfext\grfext.sty
Package: grfext 2019/12/03 v1.3 Manage graphics extensions (HO)
)
Package epstopdf-base Info: Redefining graphics rule for `.eps' on input line 4
85.
Package grfext Info: Graphics extension search list:
(grfext)             [.pdf,.png,.jpg,.mps,.jpeg,.jbig2,.jb2,.PDF,.PNG,.JPG,.JPE
G,.JBIG2,.JB2,.eps]
(grfext)             \AppendGraphicsExtensions on input line 504.

(C:\Users\oline\AppData\Local\Programs\MiKTeX\tex/latex/00miktex\epstopdf-sys.c
fg
File: epstopdf-sys.cfg 2021/03/18 v2.0 Configuration of epstopdf for MiKTeX
))
Package hyperref Info: Link coloring OFF on input line 15.
 (main.out) (main.out)
\@outlinefile=\write3
\openout3 = `main.out'.



Package picture Warning: The picture package has been disabled as most
(picture)                of its functionality is now provided by LaTeX directly
.
(picture)                To force the loading of the previous version use
(picture)                `\usepackage{picture}[=v1]`
(picture)                or `\usepackage[calc]{picture}`  on input line 15.

LaTeX Info: Redefining \microtypecontext on input line 15.
Package microtype Info: Applying patch `item' on input line 15.
Package microtype Info: Applying patch `toc' on input line 15.
Package microtype Info: Applying patch `eqnum' on input line 15.
Package microtype Info: Applying patch `footnote' on input line 15.
Package microtype Info: Applying patch `verbatim' on input line 15.
LaTeX Info: Redefining \microtypesetup on input line 15.
Package microtype Info: Generating PDF output.
Package microtype Info: Character protrusion enabled (level 2).
Package microtype Info: Using default protrusion set `alltext'.
Package microtype Info: Automatic font expansion enabled (level 2),
(microtype)             stretch: 20, shrink: 20, step: 1, non-selected.
Package microtype Info: Using default expansion set `alltext-nott'.
Package microtype Info: Patching command `\showhyphens'.
Package microtype Info: No adjustment of tracking.
Package microtype Info: No adjustment of interword spacing.
Package microtype Info: No adjustment of character kerning.
(C:\Users\oline\AppData\Local\Programs\MiKTeX\tex/latex/microtype\mt-cmr.cfg
File: mt-cmr.cfg 2013/05/19 v2.2 microtype config. file: Computer Modern Roman 
(RS)
)
*geometry* driver: auto-detecting
*geometry* detected driver: pdftex
*geometry* verbose mode - [ preamble ] result:
* driver: pdftex
* paper: a4paper
* layout: <same size as paper>
* layoutoffset:(h,v)=(0.0pt,0.0pt)
* modes: 
* h-part:(L,W,R)=(72.26999pt, 452.9679pt, 72.26999pt)
* v-part:(T,H,B)=(72.26999pt, 700.50687pt, 72.26999pt)
* \paperwidth=597.50787pt
* \paperheight=845.04684pt
* \textwidth=452.9679pt
* \textheight=700.50687pt
* \oddsidemargin=0.0pt
* \evensidemargin=0.0pt
* \topmargin=-37.0pt
* \headheight=12.0pt
* \headsep=25.0pt
* \topskip=11.0pt
* \footskip=30.0pt
* \marginparwidth=59.0pt
* \marginparsep=10.0pt
* \columnsep=10.0pt
* \skip\footins=10.0pt plus 4.0pt minus 2.0pt
* \hoffset=0.0pt
* \voffset=0.0pt
* \mag=1000
* \@twocolumnfalse
* \@twosidefalse
* \@mparswitchfalse
* \@reversemarginfalse
* (1in=72.27pt=25.4mm, 1cm=28.453pt)

(titulna_strana.tex [1

{C:/Users/oline/AppData/Local/MiKTeX/fonts/map/pdftex/pdftex.map}{C:/Users/olin
e/AppData/Local/Programs/MiKTeX/fonts/enc/dvips/lm/lm-ec.enc}]) (main.toc
LaTeX Font Info:    Trying to load font information for OT1+lmr on input line 5
.

(C:\Users\oline\AppData\Local\Programs\MiKTeX\tex/latex/lm\ot1lmr.fd
File: ot1lmr.fd 2015/05/01 v1.6.1 Font defs for Latin Modern
)
LaTeX Font Info:    Trying to load font information for OML+lmm on input line 5
.

(C:\Users\oline\AppData\Local\Programs\MiKTeX\tex/latex/lm\omllmm.fd
File: omllmm.fd 2015/05/01 v1.6.1 Font defs for Latin Modern
)
LaTeX Font Info:    Trying to load font information for OMS+lmsy on input line 
5.

(C:\Users\oline\AppData\Local\Programs\MiKTeX\tex/latex/lm\omslmsy.fd
File: omslmsy.fd 2015/05/01 v1.6.1 Font defs for Latin Modern
)
LaTeX Font Info:    Trying to load font information for OMX+lmex on input line 
5.

(C:\Users\oline\AppData\Local\Programs\MiKTeX\tex/latex/lm\omxlmex.fd
File: omxlmex.fd 2015/05/01 v1.6.1 Font defs for Latin Modern
)
LaTeX Font Info:    External font `lmex10' loaded for size
(Font)              <10.95> on input line 5.
LaTeX Font Info:    External font `lmex10' loaded for size
(Font)              <8> on input line 5.
LaTeX Font Info:    External font `lmex10' loaded for size
(Font)              <6> on input line 5.

pdfTeX warning (ext4): destination with the same identifier (name{page.1}) has 
been already used, duplicate ignored
<to be read again> 
                   \relax 
l.48 ...9}TabuÄľkovĂ˝ pohÄľad}{34}{subsection.7.9}
                                                  % [1])
\tf@toc=\write4
\openout4 = `main.toc'.

 [2]
<s1.png, id=300, 391.58295pt x 247.52475pt>
File: s1.png Graphic file (type png)
<use s1.png>
Package pdftex.def Info: s1.png  used on input line 32.
(pdftex.def)             Requested size: 391.58199pt x 247.52414pt.
LaTeX Font Info:    Trying to load font information for TS1+lmr on input line 3
7.

(C:\Users\oline\AppData\Local\Programs\MiKTeX\tex/latex/lm\ts1lmr.fd
File: ts1lmr.fd 2015/05/01 v1.6.1 Font defs for Latin Modern
) [3
pdfTeX warning (ext4): destination with the same identifier (name{figure.1}) ha
s been already used, duplicate ignored
<argument> ...shipout:D \box_use:N \l_shipout_box 
                                                  \__shipout_drop_firstpage_...
l.49         \item Ä
                    Śo sa mĂ´Ĺľe staĹĄ, ak by bol stratenĂ˝ asset? AkĂ© sĂş ...
{C:/Users/oline/AppData/Local/Programs/MiKTeX/fonts/enc/dvips/lm/lm-ts1.enc} <.
/s1.png>]
<s2.png, id=311, 874.01532pt x 350.05782pt>
File: s2.png Graphic file (type png)
<use s2.png>
Package pdftex.def Info: s2.png  used on input line 69.
(pdftex.def)             Requested size: 452.9679pt x 181.42218pt.
<s3.png, id=312, 1569.865pt x 450.68375pt>
File: s3.png Graphic file (type png)
<use s3.png>
Package pdftex.def Info: s3.png  used on input line 76.
(pdftex.def)             Requested size: 452.9679pt x 130.03474pt.
 [4
pdfTeX warning (ext4): destination with the same identifier (name{figure.2}) ha
s been already used, duplicate ignored
<argument> ...shipout:D \box_use:N \l_shipout_box 
                                                  \__shipout_drop_firstpage_...
l.80     \item V
                ytvorenie \uv{\textbf{risk treatment options}} -- ako sa dĂˇ...
 <./s2.png>] [5
pdfTeX warning (ext4): destination with the same identifier (name{figure.3}) ha
s been already used, duplicate ignored
<argument> ...shipout:D \box_use:N \l_shipout_box 
                                                  \__shipout_drop_firstpage_...
l.105 \end{itemize}
                    <./s3.png (PNG copy)>]

pdfTeX warning: pdflatex.exe (file ./figma1.pdf): PDF inclusion: found PDF vers
ion <1.7>, but at most version <1.5> allowed
<figma1.pdf, id=329, 1936.23375pt x 1095.09125pt>
File: figma1.pdf Graphic file (type pdf)
<use figma1.pdf>
Package pdftex.def Info: figma1.pdf  used on input line 140.
(pdftex.def)             Requested size: 452.9679pt x 256.17679pt.
[6] [7
pdfTeX warning (ext4): destination with the same identifier (name{figure.4}) ha
s been already used, duplicate ignored
<argument> ...shipout:D \box_use:N \l_shipout_box 
                                                  \__shipout_drop_firstpage_...
l.156 \subsubsection
                    {Komponenty} <./figma1.pdf>]

pdfTeX warning: pdflatex.exe (file ./erd-system.pdf): PDF inclusion: found PDF 
version <1.7>, but at most version <1.5> allowed
<erd-system.pdf, id=923, 355.3275pt x 298.23419pt>
File: erd-system.pdf Graphic file (type pdf)
<use erd-system.pdf>
Package pdftex.def Info: erd-system.pdf  used on input line 173.
(pdftex.def)             Requested size: 339.72592pt x 285.15024pt.
[8 <./erd-system.pdf>]

pdfTeX warning: pdflatex.exe (file ./erd-risks.pdf): PDF inclusion: found PDF v
ersion <1.7>, but at most version <1.5> allowed
<erd-risks.pdf, id=936, 781.96138pt x 515.04419pt>
File: erd-risks.pdf Graphic file (type pdf)
<use erd-risks.pdf>
Package pdftex.def Info: erd-risks.pdf  used on input line 205.
(pdftex.def)             Requested size: 385.02547pt x 253.59985pt.
[9]
LaTeX Font Info:    Trying to load font information for T1+lmtt on input line 2
29.
 (C:\Users\oline\AppData\Local\Programs\MiKTeX\tex/latex/lm\t1lmtt.fd
File: t1lmtt.fd 2015/05/01 v1.6.1 Font defs for Latin Modern
)
Package microtype Info: Loading generic protrusion settings for font family
(microtype)             `lmtt' (encoding: T1).
(microtype)             For optimal results, create family-specific settings.
(microtype)             See the microtype manual for details.

Underfull \hbox (badness 10000) in paragraph at lines 229--230

 []

[10 <./erd-risks.pdf>]
Overfull \hbox (1.18205pt too wide) in paragraph at lines 267--267
[]  \T1/lmtt/m/n/10.95 {id, name, affected_CIA_parts, impact_scale, safety_impa
ct, finantial_impact,[] 
 []


Overfull \hbox (1.18205pt too wide) in paragraph at lines 267--267
[]  \T1/lmtt/m/n/10.95 {id, name, affected_CIA_parts, impact_scale, safety_impa
ct, finantial_impact,[] 
 []

[11{C:/Users/oline/AppData/Local/Programs/MiKTeX/fonts/enc/dvips/lm/lm-mathit.e
nc}]
Overfull \hbox (1.18205pt too wide) in paragraph at lines 297--297
[]  \T1/lmtt/m/n/10.95 {id, name, affected_CIA_parts, impact_scale, safety_impa
ct, finantial_impact,[] 
 []


Overfull \hbox (1.18205pt too wide) in paragraph at lines 297--297
[]  \T1/lmtt/m/n/10.95 {id, name, affected_CIA_parts, impact_scale, safety_impa
ct, finantial_impact,[] 
 []

[12] [13] [14]
Overfull \hbox (2.06879pt too wide) in paragraph at lines 478--479
[]\T1/lmr/m/n/10.95 (-20) Jednoduchý pro-to-typ bac-kend ser-vera je k dis-po-z
í-cii na []$\T1/lmtt/m/n/10.95 https : / / github . com / oldo7 / TP _ team12 _

 []

[15]
<frontend_prototype.png, id=981, 1927.2pt x 955.31906pt>
File: frontend_prototype.png Graphic file (type png)
<use frontend_prototype.png>
Package pdftex.def Info: frontend_prototype.png  used on input line 490.
(pdftex.def)             Requested size: 452.9679pt x 224.52916pt.
 [16
pdfTeX warning (ext4): destination with the same identifier (name{figure.5}) ha
s been already used, duplicate ignored
<argument> ...shipout:D \box_use:N \l_shipout_box 
                                                  \__shipout_drop_firstpage_...
l.511 \end{verbatim}
                     <./frontend_prototype.png>] [17]
<backend/scr1.png, id=998, 515.67656pt x 409.53pt>
File: backend/scr1.png Graphic file (type png)
<use backend/scr1.png>
Package pdftex.def Info: backend/scr1.png  used on input line 583.
(pdftex.def)             Requested size: 452.9679pt x 359.73761pt.
<backend/scr2.png, id=999, 992.20688pt x 484.05844pt>
File: backend/scr2.png Graphic file (type png)
<use backend/scr2.png>
Package pdftex.def Info: backend/scr2.png  used on input line 588.
(pdftex.def)             Requested size: 452.9679pt x 220.98553pt.
 [18 <./backend/scr1.png>]
<backend/scr3.png, id=1007, 529.98pt x 495.35063pt>
File: backend/scr3.png Graphic file (type png)
<use backend/scr3.png>
Package pdftex.def Info: backend/scr3.png  used on input line 593.
(pdftex.def)             Requested size: 452.9679pt x 423.37802pt.
<backend/scr4.png, id=1008, 1126.2075pt x 218.31563pt>
File: backend/scr4.png Graphic file (type png)
<use backend/scr4.png>
Package pdftex.def Info: backend/scr4.png  used on input line 597.
(pdftex.def)             Requested size: 452.9679pt x 87.80772pt.
[19 <./backend/scr2.png>]
<backend/scr5.png, id=1016, 620.3175pt x 453.94594pt>
File: backend/scr5.png Graphic file (type png)
<use backend/scr5.png>
Package pdftex.def Info: backend/scr5.png  used on input line 602.
(pdftex.def)             Requested size: 452.9679pt x 331.48167pt.
 [20 <./backend/scr3.png> <./backend/scr4.png>]
<backend/scr6.png, id=1024, 498.36188pt x 450.9347pt>
File: backend/scr6.png Graphic file (type png)
<use backend/scr6.png>
Package pdftex.def Info: backend/scr6.png  used on input line 607.
(pdftex.def)             Requested size: 452.9679pt x 409.86957pt.

[21 <./backend/scr5.png>]
<backend/scr7.png, id=1031, 596.2275pt x 451.6875pt>
File: backend/scr7.png Graphic file (type png)
<use backend/scr7.png>
Package pdftex.def Info: backend/scr7.png  used on input line 612.
(pdftex.def)             Requested size: 452.9679pt x 343.1551pt.
 [22 <./backend/scr6.png>]
<backend/scr8.png, id=1038, 511.15968pt x 584.1825pt>
File: backend/scr8.png Graphic file (type png)
<use backend/scr8.png>
Package pdftex.def Info: backend/scr8.png  used on input line 617.
(pdftex.def)             Requested size: 452.9679pt x 517.67448pt.
 [23 <./backend/scr7.png>]
<backend/scr9.png, id=1045, 461.47406pt x 633.86812pt>
File: backend/scr9.png Graphic file (type png)
<use backend/scr9.png>
Package pdftex.def Info: backend/scr9.png  used on input line 622.
(pdftex.def)             Requested size: 452.9679pt x 622.18275pt.

[24 <./backend/scr8.png>] [25 <./backend/scr9.png>] [26]
Overfull \hbox (32.83133pt too wide) in paragraph at lines 656--657
\T1/lmr/m/n/10.95 (-20) Autentizácia je im-ple-men-to-vaná po-mo-cou JWT to-ke-
nov cez kniş-nicu \T1/lmtt/m/n/10.95 djangorestframework-simplejwt\T1/lmr/m/n/1
0.95 (-20) .
 []

[27]
Overfull \hbox (14.00597pt too wide) in paragraph at lines 696--697
[]\T1/lmr/m/n/10.95 (-20) Na strane bac-kendu sú k dis-po-zí-cii aj end-po-inty
 \T1/lmtt/m/n/10.95 /api/mitre/tactics/ \T1/lmr/m/n/10.95 (-20) a \T1/lmtt/m/n/
10.95 /api/mitre/techniques/\T1/lmr/m/n/10.95 (-20) .
 []

[28] [29] [30] [31]
Overfull \hbox (8.54184pt too wide) in paragraph at lines 817--818
\T1/lmr/m/n/10.95 (-20) Grafický po-h©ad je hlavný spô-sob práce s mo-de-lom. J
e im-ple-men-to-vaný cez kniş-nicu \T1/lmtt/m/n/10.95 @xyflow/react\T1/lmr/m/n/
10.95 (-20) .
 []

[32] [33] [34] [35]
Overfull \hbox (48.86232pt too wide) in paragraph at lines 940--941
\T1/lmtt/m/n/10.95 mitre_tactic_id \T1/lmr/m/n/10.95 (-20) a \T1/lmtt/m/n/10.95
 mitre_tactic_name\T1/lmr/m/n/10.95 (-20) . At-tack step má \T1/lmtt/m/n/10.95 
mitre_technique_id \T1/lmr/m/n/10.95 (-20) a \T1/lmtt/m/n/10.95 mitre_technique
_name\T1/lmr/m/n/10.95 (-20) .
 []

[36] [37] [38] [39] (main.aux)
 ***********
LaTeX2e <2025-11-01>
L3 programming layer <2025-12-24>
 ***********
Package rerunfilecheck Info: File `main.out' has not changed.
(rerunfilecheck)             Checksum: 771A863787CEB009BFF7A12F7271F478;9556.
 ) 
Here is how much of TeX's memory you used:
 13125 strings out of 467870
 213813 string characters out of 5418355
 675128 words of memory out of 5000000
 41558 multiletter control sequences out of 15000+600000
 675319 words of font info for 138 fonts, out of 8000000 for 9000
 1141 hyphenation exceptions out of 8191
 75i,7n,79p,1003b,674s stack positions out of 10000i,1000n,20000p,200000b,200000s
<C:/Users/oline/AppData/Local/Programs/MiKTeX/fonts/type1/public/lm/lmbx10.pf
b><C:/Users/oline/AppData/Local/Programs/MiKTeX/fonts/type1/public/lm/lmbx12.pf
b><C:/Users/oline/AppData/Local/Programs/MiKTeX/fonts/type1/public/lm/lmmi10.pf
b><C:/Users/oline/AppData/Local/Programs/MiKTeX/fonts/type1/public/lm/lmr10.pfb
><C:/Users/oline/AppData/Local/Programs/MiKTeX/fonts/type1/public/lm/lmr12.pfb>
<C:/Users/oline/AppData/Local/Programs/MiKTeX/fonts/type1/public/lm/lmri10.pfb>
<C:/Users/oline/AppData/Local/Programs/MiKTeX/fonts/type1/public/lm/lmtt10.pfb>

Output written on main.pdf (40 pages, 3451747 bytes).
PDF statistics:
 1197 PDF objects out of 1200 (max. 8388607)
 135 named destinations out of 1000 (max. 500000)
 27665 words of extra memory for PDF output out of 29859 (max. 10000000)

