\BOOKMARK [1][-]{section.1}{\376\377\000\332\000v\000o\000d}{}% 1
\BOOKMARK [1][-]{section.2}{\376\377\000T\000A\000R\000A}{}% 2
\BOOKMARK [1][-]{section.3}{\376\377\000D\000a\000t\000a\000b\000\341\000z\000y}{}% 3
\BOOKMARK [2][-]{subsection.3.1}{\376\377\000M\000I\000T\000R\000E\000\040\000A\000T\000T\000\046\000C\000K}{section.3}% 4
\BOOKMARK [2][-]{subsection.3.2}{\376\377\000M\000I\000T\000R\000E\000\040\000C\000A\000P\000E\000C}{section.3}% 5
\BOOKMARK [2][-]{subsection.3.3}{\376\377\000M\000I\000T\000R\000E\000\040\000C\000W\000E}{section.3}% 6
\BOOKMARK [1][-]{section.4}{\376\377\000N\000\341\000v\000r\000h}{}% 7
\BOOKMARK [2][-]{subsection.4.1}{\376\377\000D\000e\000s\000i\000g\000n}{section.4}% 8
\BOOKMARK [2][-]{subsection.4.2}{\376\377\000D\000e\000f\000i\000n\000o\000v\000a\000n\000i\000e\000\040\000s\000y\000s\000t\000\351\000m\000u}{section.4}% 9
\BOOKMARK [3][-]{subsubsection.4.2.1}{\376\377\000K\000o\000m\000p\000o\000n\000e\000n\000t\000y}{subsection.4.2}% 10
\BOOKMARK [3][-]{subsubsection.4.2.2}{\376\377\000D\000a\000t\000o\000v\000\351\000\040\000e\000n\000t\000i\000t\000y}{subsection.4.2}% 11
\BOOKMARK [3][-]{subsubsection.4.2.3}{\376\377\000T\000e\000c\000h\000n\000o\000l\000\363\000g\000i\000e}{subsection.4.2}% 12
\BOOKMARK [2][-]{subsection.4.3}{\376\377\000I\000d\000e\000n\000t\000i\000f\000i\000k\000\341\000c\000i\000a\000\040\000r\000i\000z\000\355\000k}{section.4}% 13
\BOOKMARK [3][-]{subsubsection.4.3.1}{\376\377\000A\000s\000i\000s\000t\000e\000n\000t\000\040\000s\000c\000e\000n\000\341\000r\000o\000v\000\040\000p\000o\001\141\000k\000o\000d\000e\000n\000i\000a}{subsection.4.3}% 14
\BOOKMARK [3][-]{subsubsection.4.3.2}{\376\377\000A\000s\000i\000s\000t\000e\000n\000t\000\040\000s\000c\000e\000n\000\341\000r\000o\000v\000\040\000h\000r\000o\000z\000i\000e\000b}{subsection.4.3}% 15
\BOOKMARK [3][-]{subsubsection.4.3.3}{\376\377\000A\000s\000i\000s\000t\000e\000n\000t\000\040\000k\000r\000o\000k\000o\000v\000\040\000\372\000t\000o\000k\000u}{subsection.4.3}% 16
\BOOKMARK [3][-]{subsubsection.4.3.4}{\376\377\000C\000o\000n\000t\000r\000o\000l\000s}{subsection.4.3}% 17
\BOOKMARK [2][-]{subsection.4.4}{\376\377\000A\000n\000a\000l\000\375\000z\000a\000\040\000r\000i\000z\000\355\000k\000\040\000a\000\040\000m\000i\000t\000i\000g\000\341\000c\000i\000a\000\040\000r\000i\000z\000\355\000k}{section.4}% 18
\BOOKMARK [3][-]{subsubsection.4.4.1}{\376\377\000C\000o\000n\000t\000r\000o\000l\000\040\000s\000k\000u\000p\000i\000n\000y}{subsection.4.4}% 19
\BOOKMARK [3][-]{subsubsection.4.4.2}{\376\377\000V\000y\000u\001\176\000i\000t\000i\000e\000\040\000L\000L\000M}{subsection.4.4}% 20
\BOOKMARK [2][-]{subsection.4.5}{\376\377\000B\000a\000c\000k\000e\000n\000d}{section.4}% 21
\BOOKMARK [1][-]{section.5}{\376\377\000F\000r\000o\000n\000t\000e\000n\000d}{}% 22
\BOOKMARK [2][-]{subsection.5.1}{\376\377\000N\000\341\000v\000r\000h\000\040\000a\000\040\000p\000r\000o\000t\000o\000t\000y\000p\000\040\000a\000p\000l\000i\000k\000\341\000c\000i\000e}{section.5}% 23
\BOOKMARK [1][-]{section.6}{\376\377\000B\000a\000c\000k\000e\000n\000d\000\040\000-\000\040\000I\000t\000e\000r\000\341\000c\000i\000a\000\040\0002}{}% 24
\BOOKMARK [2][-]{subsection.6.1}{\376\377\000A\000u\000t\000e\000n\000t\000i\000z\000\341\000i\000a\000\040\000a\000\040\000a\000u\000t\000o\000r\000i\000z\000\341\000c\000i\000a}{section.6}% 25
\BOOKMARK [2][-]{subsection.6.2}{\376\377\000S\000p\000r\000\341\000v\000a\000\040\000p\000r\000o\000j\000e\000k\000t\000o\000v}{section.6}% 26
\BOOKMARK [2][-]{subsection.6.3}{\376\377\000P\000r\000\355\000l\000a\000d\000\040\000p\000o\000u\001\176\000i\000t\000i\000a\000\040\000b\000a\000c\000k\000e\000n\000d\000u}{section.6}% 27
\BOOKMARK [1][-]{section.7}{\376\377\000V\000\375\000s\000l\000e\000d\000n\000\341\000\040\000i\000m\000p\000l\000e\000m\000e\000n\000t\000\341\000c\000i\000a}{}% 28
\BOOKMARK [2][-]{subsection.7.1}{\376\377\000C\000e\000l\000k\000o\000v\000\375\000\040\000t\000o\000k\000\040\000p\000r\000\341\000c\000e\000\040\000v\000\040\000a\000p\000l\000i\000k\000\341\000c\000i\000i}{section.7}% 29
\BOOKMARK [2][-]{subsection.7.2}{\376\377\000A\000u\000t\000e\000n\000t\000i\000z\000\341\000c\000i\000a\000,\000\040\000p\000r\000o\000j\000e\000k\000t\000y\000\040\000a\000\040\000p\000r\000\355\000s\000t\000u\000p\000o\000v\000\351\000\040\000p\000r\000\341\000v\000a}{section.7}% 30
\BOOKMARK [2][-]{subsection.7.3}{\376\377\000D\000\341\000t\000o\000v\000\375\000\040\000m\000o\000d\000e\000l\000\040\000v\000\375\000s\000l\000e\000d\000n\000e\000j\000\040\000a\000p\000l\000i\000k\000\341\000c\000i\000e}{section.7}% 31
\BOOKMARK [3][-]{subsubsection.7.3.1}{\376\377\000T\000e\000c\000h\000n\000o\000l\000\363\000g\000i\000e}{subsection.7.3}% 32
\BOOKMARK [3][-]{subsubsection.7.3.2}{\376\377\000K\000o\000m\000p\000o\000n\000e\000n\000t\000y}{subsection.7.3}% 33
\BOOKMARK [3][-]{subsubsection.7.3.3}{\376\377\000D\000a\000t\000a\000\040\000e\000n\000t\000i\000t\000i\000e\000s}{subsection.7.3}% 34
\BOOKMARK [3][-]{subsubsection.7.3.4}{\376\377\000T\000h\000r\000e\000a\000t\000\040\000c\000l\000a\000s\000s\000e\000s}{subsection.7.3}% 35
\BOOKMARK [3][-]{subsubsection.7.3.5}{\376\377\000A\000t\000t\000a\000c\000k\000\040\000s\000t\000e\000p\000s}{subsection.7.3}% 36
\BOOKMARK [3][-]{subsubsection.7.3.6}{\376\377\000T\000h\000r\000e\000a\000t\000\040\000s\000c\000e\000n\000a\000r\000i\000o\000s}{subsection.7.3}% 37
\BOOKMARK [3][-]{subsubsection.7.3.7}{\376\377\000D\000a\000m\000a\000g\000e\000\040\000s\000c\000e\000n\000a\000r\000i\000o\000s\000\040\000a\000\040\000c\000o\000n\000c\000e\000r\000n\000s}{subsection.7.3}% 38
\BOOKMARK [3][-]{subsubsection.7.3.8}{\376\377\000C\000o\000n\000t\000r\000o\000l\000s\000\040\000a\000\040\000c\000o\000n\000t\000r\000o\000l\000\040\000c\000l\000a\000s\000s\000e\000s}{subsection.7.3}% 39
\BOOKMARK [3][-]{subsubsection.7.3.9}{\376\377\000C\000o\000n\000t\000r\000o\000l\000\040\000g\000r\000o\000u\000p\000s}{subsection.7.3}% 40
\BOOKMARK [3][-]{subsubsection.7.3.10}{\376\377\000R\000i\000s\000k\000\040\000t\000r\000e\000a\000t\000m\000e\000n\000t\000\040\000a\000\040\000c\000y\000b\000e\000r\000s\000e\000c\000u\000r\000i\000t\000y\000\040\000g\000o\000a\000l\000s}{subsection.7.3}% 41
\BOOKMARK [2][-]{subsection.7.4}{\376\377\000V\000\375\000p\000o\001\015\000e\000t\000\040\000a\000t\000t\000a\000c\000k\000\040\000f\000e\000a\000s\000i\000b\000i\000l\000i\000t\000y\000,\000\040\000i\000m\000p\000a\000c\000t\000\040\000a\000\040\000r\000i\000s\000k\000\040\000l\000e\000v\000e\000l}{section.7}% 42
\BOOKMARK [2][-]{subsection.7.5}{\376\377\000B\000a\000c\000k\000e\000n\000d\000\040\000A\000P\000I\000\040\000a\000\040\000s\000y\000n\000c\000h\000r\000o\000n\000i\000z\000\341\000c\000i\000a\000\040\000v\000z\001\145\000a\000h\000o\000v}{section.7}% 43
\BOOKMARK [2][-]{subsection.7.6}{\376\377\000G\000r\000a\000f\000i\000c\000k\000\375\000\040\000p\000o\000h\001\076\000a\000d}{section.7}% 44
\BOOKMARK [2][-]{subsection.7.7}{\376\377\000S\000t\000r\000o\000m\000\040\000p\000r\000o\000j\000e\000k\000t\000u\000\040\000a\000\040\000v\000y\000t\000v\000\341\000r\000a\000n\000i\000e\000\040\000s\000\372\000v\000i\000s\000i\000a\000c\000i\000c\000h\000\040\000o\000b\000j\000e\000k\000t\000o\000v}{section.7}% 45
\BOOKMARK [2][-]{subsection.7.8}{\376\377\000D\000e\000t\000a\000i\000l\000o\000v\000\375\000\040\000p\000a\000n\000e\000l\000\040\000a\000\040\000f\000o\000r\000m\000u\000l\000\341\000r\000e}{section.7}% 46
\BOOKMARK [2][-]{subsection.7.9}{\376\377\000T\000a\000b\000u\001\076\000k\000o\000v\000\375\000\040\000p\000o\000h\001\076\000a\000d}{section.7}% 47
\BOOKMARK [2][-]{subsection.7.10}{\376\377\000C\000o\000n\000t\000r\000o\000l\000\040\000s\000k\000u\000p\000i\000n\000y\000\040\000a\000\040\000p\000o\000r\000o\000v\000n\000\341\000v\000a\000n\000i\000e\000\040\000m\000i\000t\000i\000g\000\341\000c\000i\000\355}{section.7}% 48
\BOOKMARK [2][-]{subsection.7.11}{\376\377\000A\000s\000s\000e\000t\000\040\000I\000d\000e\000n\000t\000i\000f\000i\000c\000a\000t\000i\000o\000n\000\040\000a\000s\000s\000i\000s\000t\000a\000n\000t}{section.7}% 49
\BOOKMARK [2][-]{subsection.7.12}{\376\377\000K\000o\000n\000z\000o\000l\000a\000\040\000a\000\040\000L\000L\000M\000\040\000n\000\341\000v\000r\000h\000y}{section.7}% 50
\BOOKMARK [2][-]{subsection.7.13}{\376\377\000M\000I\000T\000R\000E\000\040\000i\000n\000t\000e\000g\000r\000\341\000c\000i\000a}{section.7}% 51
\BOOKMARK [2][-]{subsection.7.14}{\376\377\000G\000e\000n\000e\000r\000o\000v\000a\000n\000i\000e\000\040\000P\000D\000F\000\040\000r\000e\000p\000o\000r\000t\000u}{section.7}% 52
\BOOKMARK [2][-]{subsection.7.15}{\376\377\000V\000z\001\145\000a\000h\000\040\000m\000e\000d\000z\000i\000\040\000g\000r\000a\000f\000o\000m\000,\000\040\000t\000a\000b\000u\001\076\000k\000a\000m\000i\000,\000\040\000d\000e\000t\000a\000i\000l\000m\000i\000\040\000a\000\040\000b\000a\000c\000k\000e\000n\000d\000o\000m}{section.7}% 53
\BOOKMARK [2][-]{subsection.7.16}{\376\377\000P\000r\000\355\000k\000l\000a\000d\000\040\000p\000r\000\341\000c\000e\000\040\000s\000\040\000a\000p\000l\000i\000k\000\341\000c\000i\000o\000u}{section.7}% 54
\BOOKMARK [2][-]{subsection.7.17}{\376\377\000O\000b\000m\000e\000d\000z\000e\000n\000i\000a\000\040\000a\000\040\000m\000o\001\176\000n\000\351\000\040\000r\000o\000z\001\141\000\355\000r\000e\000n\000i\000a}{section.7}% 55
\BOOKMARK [2][-]{subsection.7.18}{\376\377\000Z\000h\000r\000n\000u\000t\000i\000e\000\040\000v\000\375\000s\000l\000e\000d\000k\000u}{section.7}% 56
